app/build/intermediates/manifest_merge_blame_file/debug/processDebugMainManifest/manifest-merger-blame-debug-report.txt
1<?xml version="1.0" encoding="utf-8"?>
2<manifest xmlns:android="http://schemas.android.com/apk/res/android"
3    package="com.olly.ollyzcalc"
4    android:versionCode="1"
5    android:versionName="1.0" >
6
7    <uses-sdk
8        android:minSdkVersion="24"
9        android:targetSdkVersion="34" />
10
11    <application
11-->src/main/AndroidManifest.xml:3:5-18:19
12        android:allowBackup="true"
12-->src/main/AndroidManifest.xml:4:9-35
13        android:debuggable="true"
14        android:extractNativeLibs="false"
15        android:label="Ollyz Calc"
15-->src/main/AndroidManifest.xml:5:9-35
16        android:supportsRtl="true"
16-->src/main/AndroidManifest.xml:6:9-35
17        android:theme="@style/AppTheme" >
17-->src/main/AndroidManifest.xml:7:9-40
18        <activity
18-->src/main/AndroidManifest.xml:8:9-17:20
19            android:name="com.olly.ollyzcalc.MainActivity"
19-->src/main/AndroidManifest.xml:9:13-41
20            android:configChanges="keyboardHidden|orientation|screenSize"
20-->src/main/AndroidManifest.xml:10:13-74
21            android:exported="true" >
21-->src/main/AndroidManifest.xml:11:13-36
22            <intent-filter>
22-->src/main/AndroidManifest.xml:12:13-16:29
23                <action android:name="android.intent.action.MAIN" />
23-->src/main/AndroidManifest.xml:13:17-69
23-->src/main/AndroidManifest.xml:13:25-66
24
25                <category android:name="android.intent.category.LAUNCHER" />
25-->src/main/AndroidManifest.xml:15:17-77
25-->src/main/AndroidManifest.xml:15:27-74
26            </intent-filter>
27        </activity>
28    </application>
29
30</manifest>